<?xml version="1.0" encoding="UTF-8"?>
<testng-results ignored="0" total="1" passed="1" failed="0" skipped="0">
  <reporter-output>
    <line>
      <![CDATA[TaskModuleCreated]]>
    </line>
  </reporter-output>
  <suite started-at="2023-08-08T18:49:38Z" name="Suite" finished-at="2023-08-08T18:49:38Z" duration-ms="41">
    <groups>
    </groups>
    <test started-at="2023-08-08T18:49:38Z" name="Test" finished-at="2023-08-08T18:49:38Z" duration-ms="41">
      <class name="com.testscript.taskModule">
        <test-method signature="testTaskModule()[pri:0, instance:com.testscript.taskModule@59e505b2]" started-at="2023-08-08T18:49:38Z" name="testTaskModule" finished-at="2023-08-08T18:49:38Z" duration-ms="14" status="PASS">
          <reporter-output>
            <line>
              <![CDATA[TaskModuleCreated]]>
            </line>
          </reporter-output>
        </test-method> <!-- testTaskModule -->
      </class> <!-- com.testscript.taskModule -->
    </test> <!-- Test -->
  </suite> <!-- Suite -->
</testng-results>
